
Showing logs for build [32mcb-kubecd-environment-pr-237-7-hvp4t-1[0m stage [32mfrom-build-pack[0m and container [32mstep-credential-initializer-wdqk6[0m
{"level":"info","ts":1592565883.8722925,"logger":"fallback-logger","caller":"logging/config.go:69","msg":"Fetch GitHub commit ID from kodata failed: open /var/run/ko/refs/heads/0.8.0-ns-support: no such file or directory"}
{"level":"info","ts":1592565883.8725543,"logger":"fallback-logger","caller":"creds-init/main.go:40","msg":"Credentials initialized."}

Showing logs for build [32mcb-kubecd-environment-pr-237-7-hvp4t-1[0m stage [32mfrom-build-pack[0m and container [32mstep-working-dir-initializer-s8rc4[0m
{"level":"info","ts":1592565884.8920577,"logger":"fallback-logger","caller":"logging/config.go:69","msg":"Fetch GitHub commit ID from kodata failed: open /var/run/ko/HEAD: no such file or directory"}
{"level":"info","ts":1592565884.892916,"logger":"fallback-logger","caller":"bash/main.go:64","msg":"Successfully executed command \"sh -c mkdir -p /workspace/source\"; output "}

Showing logs for build [32mcb-kubecd-environment-pr-237-7-hvp4t-1[0m stage [32mfrom-build-pack[0m and container [32mstep-place-tools[0m

Showing logs for build [32mcb-kubecd-environment-pr-237-7-hvp4t-1[0m stage [32mfrom-build-pack[0m and container [32mstep-git-source-cb-kubecd-environment-pr-237-7-hvp4t-hdm84[0m
{"level":"info","ts":1592565889.1780128,"logger":"fallback-logger","caller":"logging/config.go:69","msg":"Fetch GitHub commit ID from kodata failed: open /var/run/ko/refs/heads/0.8.0-ns-support: no such file or directory"}
{"level":"info","ts":1592565889.3910155,"logger":"fallback-logger","caller":"git/git.go:103","msg":"Successfully cloned https://github.com/cb-kubecd/environment-pr-237-7-boot-eks-staging.git @ master in path /workspace/source"}

Showing logs for build [32mcb-kubecd-environment-pr-237-7-hvp4t-1[0m stage [32mfrom-build-pack[0m and container [32mstep-git-merge[0m
Using SHAs from PULL_REFS=master:7ac1240970bd2c653ab9c629eccc1435ce9a4754,3:3dd6e136479025a547864c7bacc8f1f6275ce19b
DEBUG: LC_ALL=C JX_LOG_LEVEL=error git fetch origin --unshallow 3dd6e136479025a547864c7bacc8f1f6275ce19b: 7ac1240970bd2c653ab9c629eccc1435ce9a4754:
DEBUG: ran git fetch --unshallow origin 3dd6e136479025a547864c7bacc8f1f6275ce19b: 7ac1240970bd2c653ab9c629eccc1435ce9a4754: in 
DEBUG: LC_ALL=C JX_LOG_LEVEL=error git branch
DEBUG: LC_ALL=C JX_LOG_LEVEL=error git checkout master
DEBUG: ran git checkout master in 
DEBUG: LC_ALL=C JX_LOG_LEVEL=error git reset --hard 7ac1240970bd2c653ab9c629eccc1435ce9a4754
DEBUG: ran git reset --hard 7ac1240970bd2c653ab9c629eccc1435ce9a4754 in 
DEBUG: LC_ALL=C JX_LOG_LEVEL=error git clean -fd .
DEBUG: ran clean --force -d . in 
DEBUG: LC_ALL=C JX_LOG_LEVEL=error git merge 3dd6e136479025a547864c7bacc8f1f6275ce19b
DEBUG: ran git merge 3dd6e136479025a547864c7bacc8f1f6275ce19b in 
DEBUG: LC_ALL=C JX_LOG_LEVEL=error git log --format=%H%x1f%an%x1f%ae%x1f%cn%x1f%ce%x1f%s%n%b%x1e 7ac1240970bd2c653ab9c629eccc1435ce9a4754..HEAD
Merged SHA 3dd6e136479025a547864c7bacc8f1f6275ce19b with commit message 'chore: Promote bdd-sbhg-1592563482 to version 0.0.1' into base branch master

Showing logs for build [32mcb-kubecd-environment-pr-237-7-hvp4t-1[0m stage [32mfrom-build-pack[0m and container [32mstep-build-helm-build[0m
WARNING: No $CHART_REPOSITORY defined so using the default value of: http://jenkins-x-chartmuseum:8080
Adding missing Helm repo: storage.googleapis.com https://storage.googleapis.com/chartmuseum.jenkins-x.io
WARNING: No secrets found on "helm/repos" due: reading the secret "helm/repos" from vault: no secret "helm/repos" not found in vault
Read credentials for https://storage.googleapis.com/chartmuseum.jenkins-x.io from vault helm/repos
Successfully added Helm repository storage.googleapis.com.
Adding missing Helm repo: jenkins-x-chartmuseum http://jenkins-x-chartmuseum:8080
WARNING: No secrets found on "helm/repos" due: reading the secret "helm/repos" from vault: no secret "helm/repos" not found in vault
Read credentials for http://jenkins-x-chartmuseum:8080 from vault helm/repos
Successfully added Helm repository jenkins-x-chartmuseum.
WARNING: No $CHART_REPOSITORY defined so using the default value of: http://jenkins-x-chartmuseum:8080
Adding missing Helm repo: chartmuseum.jenkins-x.io http://chartmuseum.jenkins-x.io
WARNING: No secrets found on "helm/repos" due: reading the secret "helm/repos" from vault: no secret "helm/repos" not found in vault
Read credentials for http://chartmuseum.jenkins-x.io from vault helm/repos
Successfully added Helm repository chartmuseum.jenkins-x.io.
