
Showing logs for build [32mcb-kubecd-environment-pr-237-7-hfpn7-1[0m stage [32mfrom-build-pack[0m and container [32mstep-credential-initializer-t86ds[0m
{"level":"info","ts":1592562274.5504997,"logger":"fallback-logger","caller":"logging/config.go:69","msg":"Fetch GitHub commit ID from kodata failed: open /var/run/ko/refs/heads/0.8.0-ns-support: no such file or directory"}
{"level":"info","ts":1592562274.550942,"logger":"fallback-logger","caller":"creds-init/main.go:40","msg":"Credentials initialized."}

Showing logs for build [32mcb-kubecd-environment-pr-237-7-hfpn7-1[0m stage [32mfrom-build-pack[0m and container [32mstep-working-dir-initializer-g9stj[0m
{"level":"info","ts":1592562274.8862169,"logger":"fallback-logger","caller":"logging/config.go:69","msg":"Fetch GitHub commit ID from kodata failed: open /var/run/ko/HEAD: no such file or directory"}
{"level":"info","ts":1592562274.8870873,"logger":"fallback-logger","caller":"bash/main.go:64","msg":"Successfully executed command \"sh -c mkdir -p /workspace/source\"; output "}

Showing logs for build [32mcb-kubecd-environment-pr-237-7-hfpn7-1[0m stage [32mfrom-build-pack[0m and container [32mstep-place-tools[0m

Showing logs for build [32mcb-kubecd-environment-pr-237-7-hfpn7-1[0m stage [32mfrom-build-pack[0m and container [32mstep-git-source-cb-kubecd-environment-pr-237-7-hfpn7-kp662[0m
{"level":"info","ts":1592562277.9940603,"logger":"fallback-logger","caller":"logging/config.go:69","msg":"Fetch GitHub commit ID from kodata failed: open /var/run/ko/refs/heads/0.8.0-ns-support: no such file or directory"}
{"level":"info","ts":1592562278.1892986,"logger":"fallback-logger","caller":"git/git.go:103","msg":"Successfully cloned https://github.com/cb-kubecd/environment-pr-237-7-boot-eks-staging.git @ master in path /workspace/source"}

Showing logs for build [32mcb-kubecd-environment-pr-237-7-hfpn7-1[0m stage [32mfrom-build-pack[0m and container [32mstep-git-merge[0m
Using SHAs from PULL_REFS=master:c1a0eca17a74d2f51a7deb923148bbaa4b7e75a6,1:d29fc11ebf2dc2ff098a0c4f8acd613e0e106960
DEBUG: JX_LOG_LEVEL=error LC_ALL=C git fetch origin --unshallow d29fc11ebf2dc2ff098a0c4f8acd613e0e106960: c1a0eca17a74d2f51a7deb923148bbaa4b7e75a6:
DEBUG: ran git fetch --unshallow origin d29fc11ebf2dc2ff098a0c4f8acd613e0e106960: c1a0eca17a74d2f51a7deb923148bbaa4b7e75a6: in 
DEBUG: LC_ALL=C JX_LOG_LEVEL=error git branch
DEBUG: JX_LOG_LEVEL=error LC_ALL=C git checkout master
DEBUG: ran git checkout master in 
DEBUG: LC_ALL=C JX_LOG_LEVEL=error git reset --hard c1a0eca17a74d2f51a7deb923148bbaa4b7e75a6
DEBUG: ran git reset --hard c1a0eca17a74d2f51a7deb923148bbaa4b7e75a6 in 
DEBUG: LC_ALL=C JX_LOG_LEVEL=error git clean -fd .
DEBUG: ran clean --force -d . in 
DEBUG: LC_ALL=C JX_LOG_LEVEL=error git merge d29fc11ebf2dc2ff098a0c4f8acd613e0e106960
DEBUG: ran git merge d29fc11ebf2dc2ff098a0c4f8acd613e0e106960 in 
DEBUG: LC_ALL=C JX_LOG_LEVEL=error git log --format=%H%x1f%an%x1f%ae%x1f%cn%x1f%ce%x1f%s%n%b%x1e c1a0eca17a74d2f51a7deb923148bbaa4b7e75a6..HEAD
Merged SHA d29fc11ebf2dc2ff098a0c4f8acd613e0e106960 with commit message 'chore: Promote bdd-spring-1592561607 to version 0.0.1' into base branch master

Showing logs for build [32mcb-kubecd-environment-pr-237-7-hfpn7-1[0m stage [32mfrom-build-pack[0m and container [32mstep-build-helm-build[0m
WARNING: No $CHART_REPOSITORY defined so using the default value of: http://jenkins-x-chartmuseum:8080
Adding missing Helm repo: storage.googleapis.com https://storage.googleapis.com/chartmuseum.jenkins-x.io
WARNING: No secrets found on "helm/repos" due: reading the secret "helm/repos" from vault: no secret "helm/repos" not found in vault
Read credentials for https://storage.googleapis.com/chartmuseum.jenkins-x.io from vault helm/repos
Successfully added Helm repository storage.googleapis.com.
Adding missing Helm repo: jenkins-x-chartmuseum http://jenkins-x-chartmuseum:8080
WARNING: No secrets found on "helm/repos" due: reading the secret "helm/repos" from vault: no secret "helm/repos" not found in vault
Read credentials for http://jenkins-x-chartmuseum:8080 from vault helm/repos
Successfully added Helm repository jenkins-x-chartmuseum.
WARNING: No $CHART_REPOSITORY defined so using the default value of: http://jenkins-x-chartmuseum:8080
Adding missing Helm repo: chartmuseum.jenkins-x.io http://chartmuseum.jenkins-x.io
WARNING: No secrets found on "helm/repos" due: reading the secret "helm/repos" from vault: no secret "helm/repos" not found in vault
Read credentials for http://chartmuseum.jenkins-x.io from vault helm/repos
Successfully added Helm repository chartmuseum.jenkins-x.io.
